<?xml version="1.0" encoding="UTF-8"?>
<!-- Generated by org.testng.reporters.JUnitXMLReporter -->
<testsuite ignored="0" hostname="GMHPL045" failures="0" tests="2" name="Bottom Link Validation" time="403.06" errors="0" timestamp="2023-09-11T17:10:46 IST">
  <testcase classname="com.bestbuy.test.ChooseCountry" name="selectCountry" time="9.209"/>
  <testcase classname="com.bestbuy.test.BottomLinksValidation" name="validatingBottomLinks" time="393.296"/>
</testsuite> <!-- Bottom Link Validation -->
