<?xml version="1.0" encoding="UTF-8"?>
<!-- Generated by org.testng.reporters.JUnitXMLReporter -->
<testsuite ignored="0" hostname="GMHPL045" failures="1" tests="2" name="Validating Base URL" time="11.278" errors="0" timestamp="2023-09-11T17:03:59 IST">
  <testcase classname="com.bestbuy.test.ChooseCountry" name="selectCountry" time="10.831"/>
  <testcase classname="com.bestbuy.test.ValidatingURL" name="verifyingURL" time="0.036">
    <failure type="java.lang.AssertionError" message="expected [https://www.bestbuy.com/] but found [https://www.bestbuy.com/?intl=nosplash]">
      <![CDATA[java.lang.AssertionError: expected [https://www.bestbuy.com/] but found [https://www.bestbuy.com/?intl=nosplash]
at com.bestbuy.test.ValidatingURL.verifyingURL(ValidatingURL.java:21)
at java.base/java.util.ArrayList.forEach(ArrayList.java:1511)
... Removed 34 stack frames]]>
    </failure>
  </testcase> <!-- verifyingURL -->
</testsuite> <!-- Validating Base URL -->
