<?xml version="1.0" encoding="UTF-8"?>
<!-- Generated by org.testng.reporters.JUnitXMLReporter -->
<testsuite ignored="0" hostname="GMHPL045" failures="0" tests="2" name="Search and Add To Cart" time="35.592" errors="0" timestamp="2023-09-11T13:16:45 IST">
  <testcase classname="com.bestbuy.test.ChooseCountry" name="selectCountry" time="9.195"/>
  <testcase classname="com.bestbuy.test.Search_ItemAddToCart" name="validatingSearchAndCart" time="26.31"/>
</testsuite> <!-- Search and Add To Cart -->
