<?xml version="1.0" encoding="UTF-8"?>
<!-- Generated by org.testng.reporters.JUnitXMLReporter -->
<testsuite ignored="0" hostname="GMHPL045" failures="0" tests="3" name="Validating Checkout" time="128.877" errors="0" timestamp="2023-09-11T17:03:44 IST">
  <testcase classname="com.bestbuy.test.ChooseCountry" name="selectCountry" time="9.948"/>
  <testcase classname="com.bestbuy.test.MenuShopByBrand" name="selectByBrand" time="74.78"/>
  <testcase classname="com.bestbuy.test.CheckoutValidation" name="checkout" time="43.503"/>
</testsuite> <!-- Validating Checkout -->
