<?xml version="1.0" encoding="UTF-8"?>
<!-- Generated by org.testng.reporters.JUnitXMLReporter -->
<testsuite ignored="0" hostname="GMHPL045" failures="0" tests="2" name="Search and Add To Cart" time="39.358" errors="0" timestamp="2023-09-11T16:59:14 IST">
  <testcase classname="com.bestbuy.test.ChooseCountry" name="selectCountry" time="12.37"/>
  <testcase classname="com.bestbuy.test.Search_ItemAddToCart" name="validatingSearchAndCart" time="26.52"/>
</testsuite> <!-- Search and Add To Cart -->
