<?xml version="1.0" encoding="UTF-8"?>
<testng-results ignored="0" total="2" passed="2" failed="0" skipped="0">
  <reporter-output>
  </reporter-output>
  <suite started-at="2023-09-11T15:59:27 IST" name="Suite" finished-at="2023-09-11T16:00:10 IST" duration-ms="42458">
    <groups>
    </groups>
    <test started-at="2023-09-11T15:59:27 IST" name="Login" finished-at="2023-09-11T16:00:10 IST" duration-ms="42458">
      <class name="com.bestbuy.test.ChooseCountry">
        <test-method signature="selectCountry()[pri:0, instance:com.bestbuy.test.ChooseCountry@7446d8d5]" started-at="2023-09-11T15:59:27 IST" name="selectCountry" finished-at="2023-09-11T15:59:36 IST" duration-ms="8747" status="PASS">
          <reporter-output>
          </reporter-output>
        </test-method> <!-- selectCountry -->
      </class> <!-- com.bestbuy.test.ChooseCountry -->
      <class name="com.bestbuy.test.LogIn">
        <test-method signature="sigin(java.lang.String,java.lang.String)[pri:1, instance:com.bestbuy.test.LogIn@5c3b6c6e]" started-at="2023-09-11T15:59:36 IST" name="sigin" finished-at="2023-09-11T16:00:09 IST" duration-ms="32728" status="PASS">
          <params>
            <param index="0">
              <value>
                <![CDATA[Sorry, something went wrong. Please try again.]]>
              </value>
            </param>
            <param index="1">
              <value>
                <![CDATA[Oops! The email or password did not match our records. Please try again.]]>
              </value>
            </param>
          </params>
          <reporter-output>
          </reporter-output>
        </test-method> <!-- sigin -->
      </class> <!-- com.bestbuy.test.LogIn -->
      <class name="com.bestbuy.test.Hooks">
        <test-method is-config="true" signature="launchURL(java.lang.String,java.lang.String,java.lang.String)[pri:0, instance:com.bestbuy.test.Hooks@4b672daa]" started-at="2023-09-11T15:59:21 IST" name="launchURL" finished-at="2023-09-11T15:59:27 IST" duration-ms="6242" status="PASS">
          <params>
            <param index="0">
              <value>
                <![CDATA[Chrome]]>
              </value>
            </param>
            <param index="1">
              <value>
                <![CDATA[NoHeadLess]]>
              </value>
            </param>
            <param index="2">
              <value>
                <![CDATA[Nocache]]>
              </value>
            </param>
          </params>
          <reporter-output>
          </reporter-output>
        </test-method> <!-- launchURL -->
        <test-method is-config="true" signature="quit()[pri:0, instance:com.bestbuy.test.Hooks@4b672daa]" started-at="2023-09-11T16:00:09 IST" name="quit" finished-at="2023-09-11T16:00:10 IST" duration-ms="917" status="PASS">
          <reporter-output>
          </reporter-output>
        </test-method> <!-- quit -->
      </class> <!-- com.bestbuy.test.Hooks -->
    </test> <!-- Login -->
  </suite> <!-- Suite -->
</testng-results>
