<?xml version="1.0" encoding="UTF-8"?>
<testng-results ignored="0" total="2" passed="2" failed="0" skipped="0">
  <reporter-output>
  </reporter-output>
  <suite started-at="2023-09-10T23:13:15 IST" name="Suite" finished-at="2023-09-10T23:13:47 IST" duration-ms="31807">
    <groups>
    </groups>
    <test started-at="2023-09-10T23:13:15 IST" name="Test" finished-at="2023-09-10T23:13:47 IST" duration-ms="31807">
      <class name="com.bestbuy.test.HooksWithOutChromeCache">
        <test-method is-config="true" signature="launchURL()[pri:0, instance:com.bestbuy.test.HooksWithOutChromeCache@29e6eb25]" started-at="2023-09-10T23:13:10 IST" name="launchURL" finished-at="2023-09-10T23:13:15 IST" duration-ms="4611" status="PASS">
          <reporter-output>
          </reporter-output>
        </test-method> <!-- launchURL -->
        <test-method is-config="true" signature="quit()[pri:0, instance:com.bestbuy.test.HooksWithOutChromeCache@29e6eb25]" started-at="2023-09-10T23:13:47 IST" name="quit" finished-at="2023-09-10T23:13:53 IST" duration-ms="5914" status="PASS">
          <reporter-output>
          </reporter-output>
        </test-method> <!-- quit -->
      </class> <!-- com.bestbuy.test.HooksWithOutChromeCache -->
      <class name="com.bestbuy.test.ChooseCountry">
        <test-method signature="selectCountry()[pri:0, instance:com.bestbuy.test.ChooseCountry@21aa6d6c]" started-at="2023-09-10T23:13:15 IST" name="selectCountry" finished-at="2023-09-10T23:13:24 IST" duration-ms="9052" status="PASS">
          <reporter-output>
          </reporter-output>
        </test-method> <!-- selectCountry -->
      </class> <!-- com.bestbuy.test.ChooseCountry -->
      <class name="com.bestbuy.test.MenuShopByDepartment">
        <test-method signature="selectByDepartment()[pri:0, instance:com.bestbuy.test.MenuShopByDepartment@2611b9a3]" started-at="2023-09-10T23:13:24 IST" name="selectByDepartment" finished-at="2023-09-10T23:13:47 IST" duration-ms="22690" status="PASS">
          <reporter-output>
          </reporter-output>
        </test-method> <!-- selectByDepartment -->
      </class> <!-- com.bestbuy.test.MenuShopByDepartment -->
    </test> <!-- Test -->
  </suite> <!-- Suite -->
</testng-results>
